<?xml version="1.0" encoding="UTF-8"?>
<!-- Generated by org.testng.reporters.JUnitReportReporter -->
<testsuite hostname="LAPTOP-0QEPCK00" failures="0" tests="6" name="com.bikes.testCases.BikeDetailsTest" time="28.788" errors="0" timestamp="31 May 2021 05:36:12 GMT" skipped="0">
  <testcase classname="com.bikes.testCases.BikeDetailsTest" name="invokedriver" time="11.722"/>
  <testcase classname="com.bikes.testCases.BikeDetailsTest" name="displayUpcomingBikes" time="1.409"/>
  <testcase classname="com.bikes.testCases.BikeDetailsTest" name="verifyHondaPage" time="0.011"/>
  <testcase classname="com.bikes.testCases.BikeDetailsTest" name="clickUpComingBikes" time="8.912"/>
  <testcase classname="com.bikes.testCases.BikeDetailsTest" name="selectHondaBikes" time="3.554"/>
  <testcase classname="com.bikes.testCases.BikeDetailsTest" name="clickViewMore" time="3.180"/>
</testsuite> <!-- com.bikes.testCases.BikeDetailsTest -->
