<?xml version="1.0" encoding="UTF-8"?>
<!-- Generated by org.testng.reporters.JUnitReportReporter -->
<testsuite hostname="LAPTOP-0QEPCK00" failures="0" tests="2" name="com.bikes.testCases.LoginTest" time="74.187" errors="0" timestamp="31 May 2021 05:32:16 GMT" skipped="0">
  <testcase classname="com.bikes.testCases.LoginTest" name="clickLogin1" time="37.537"/>
  <testcase classname="com.bikes.testCases.LoginTest" name="clickLogin2" time="36.650"/>
</testsuite> <!-- com.bikes.testCases.LoginTest -->
