<?xml version="1.0" encoding="UTF-8"?>
<!-- Generated by org.testng.reporters.JUnitReportReporter -->
<testsuite skipped="0" hostname="PCIN468293" name="com.bikes.testCases.LoginT" tests="1" failures="0" timestamp="2021-03-09T12:17:45 IST" time="58.505" errors="0">
  <testcase name="driverSetup" time="58.505" classname="com.bikes.testCases.LoginT"/>
  <system-out/>
</testsuite> <!-- com.bikes.testCases.LoginT -->
