<?xml version="1.0" encoding="UTF-8"?>
<!-- Generated by org.testng.reporters.JUnitReportReporter -->
<testsuite hostname="LAPTOP-0QEPCK00" failures="0" tests="3" name="com.bikes.testCases.UsedCarsTest" time="41.413" errors="0" timestamp="02 Jun 2021 10:06:11 GMT" skipped="0">
  <testcase classname="com.bikes.testCases.UsedCarsTest" name="selectChennai" time="41.024"/>
  <testcase classname="com.bikes.testCases.UsedCarsTest" name="verifyChennai" time="0.034"/>
  <testcase classname="com.bikes.testCases.UsedCarsTest" name="getPopularModels" time="0.355"/>
</testsuite> <!-- com.bikes.testCases.UsedCarsTest -->
