<?xml version="1.0" encoding="UTF-8"?>
<!-- Generated by org.testng.reporters.JUnitReportReporter -->
<testsuite hostname="LAPTOP-0QEPCK00" failures="0" tests="3" name="com.bikes.testCases.UsedCarsTest" time="21.943" errors="0" timestamp="01 Jun 2021 09:12:10 GMT" skipped="0">
  <testcase classname="com.bikes.testCases.UsedCarsTest" name="verifyChennai" time="0.034"/>
  <testcase classname="com.bikes.testCases.UsedCarsTest" name="selectChennai" time="20.188"/>
  <testcase classname="com.bikes.testCases.UsedCarsTest" name="getPopularModels" time="1.721"/>
</testsuite> <!-- com.bikes.testCases.UsedCarsTest -->
