<?xml version="1.0" encoding="UTF-8"?>
<!-- Generated by org.testng.reporters.JUnitReportReporter -->
<testsuite hostname="LAPTOP-0QEPCK00" failures="0" tests="2" name="com.bikes.testCases.LoginTest" time="88.021" errors="0" timestamp="01 Jun 2021 09:12:09 GMT" skipped="0">
  <testcase classname="com.bikes.testCases.LoginTest" name="clickLogin1" time="44.275"/>
  <testcase classname="com.bikes.testCases.LoginTest" name="clickLogin2" time="43.746"/>
</testsuite> <!-- com.bikes.testCases.LoginTest -->
