<?xml version="1.0" encoding="UTF-8"?>
<!-- Generated by org.testng.reporters.JUnitReportReporter -->
<testsuite hostname="LAPTOP-0QEPCK00" failures="0" tests="6" name="com.bikes.testCases.BikeDetailsTest" time="38.109" errors="0" timestamp="01 Jun 2021 09:12:09 GMT" skipped="0">
  <testcase classname="com.bikes.testCases.BikeDetailsTest" name="invokedriver" time="25.489"/>
  <testcase classname="com.bikes.testCases.BikeDetailsTest" name="displayUpcomingBikes" time="1.536"/>
  <testcase classname="com.bikes.testCases.BikeDetailsTest" name="verifyHondaPage" time="0.012"/>
  <testcase classname="com.bikes.testCases.BikeDetailsTest" name="clickUpComingBikes" time="3.992"/>
  <testcase classname="com.bikes.testCases.BikeDetailsTest" name="selectHondaBikes" time="3.795"/>
  <testcase classname="com.bikes.testCases.BikeDetailsTest" name="clickViewMore" time="3.285"/>
</testsuite> <!-- com.bikes.testCases.BikeDetailsTest -->
