<?xml version="1.0" encoding="UTF-8"?>
<!-- Generated by org.testng.reporters.JUnitReportReporter -->
<testsuite hostname="LAPTOP-0QEPCK00" failures="0" tests="1" name="com.bikes.testCases.LoginWithInavlidEmail" time="39.023" errors="0" timestamp="31 May 2021 10:53:45 GMT" skipped="0">
  <testcase classname="com.bikes.testCases.LoginWithInavlidEmail" name="clickLogin2" time="39.023"/>
</testsuite> <!-- com.bikes.testCases.LoginWithInavlidEmail -->
