<?xml version="1.0" encoding="UTF-8"?>
<!-- Generated by org.testng.reporters.JUnitReportReporter -->
<testsuite hostname="LAPTOP-0QEPCK00" failures="0" tests="2" name="com.bikes.testCases.LoginTest" time="101.197" errors="0" timestamp="03 Jun 2021 12:43:51 GMT" skipped="0">
  <testcase classname="com.bikes.testCases.LoginTest" name="clickLogin2" time="56.981"/>
  <testcase classname="com.bikes.testCases.LoginTest" name="clickLogin1" time="44.216"/>
</testsuite> <!-- com.bikes.testCases.LoginTest -->
