<?xml version="1.0" encoding="UTF-8"?>
<!-- Generated by org.testng.reporters.JUnitReportReporter -->
<testsuite hostname="LAPTOP-0QEPCK00" failures="0" tests="3" name="com.bikes.testCases.UsedCarsTest" time="45.493" errors="0" timestamp="03 Jun 2021 12:43:51 GMT" skipped="0">
  <testcase classname="com.bikes.testCases.UsedCarsTest" name="selectChennai" time="45.022"/>
  <testcase classname="com.bikes.testCases.UsedCarsTest" name="getPopularModels" time="0.440"/>
  <testcase classname="com.bikes.testCases.UsedCarsTest" name="verifyChennai" time="0.031"/>
</testsuite> <!-- com.bikes.testCases.UsedCarsTest -->
