<?xml version="1.0" encoding="UTF-8"?>
<!-- Generated by org.testng.reporters.JUnitReportReporter -->
<testsuite hostname="LAPTOP-0QEPCK00" failures="0" tests="1" name="com.bikes.testCases.UsedCarsTest" time="40.363" errors="0" timestamp="02 Jun 2021 08:54:25 GMT" skipped="0">
  <testcase classname="com.bikes.testCases.UsedCarsTest" name="selectChennai" time="40.363"/>
</testsuite> <!-- com.bikes.testCases.UsedCarsTest -->
