<?xml version="1.0" encoding="UTF-8"?>
<!-- Generated by org.testng.reporters.JUnitReportReporter -->
<testsuite hostname="LAPTOP-0QEPCK00" failures="0" tests="2" name="com.bikes.testCases.LoginTest" time="101.995" errors="0" timestamp="03 Jun 2021 13:19:01 GMT" skipped="0">
  <testcase classname="com.bikes.testCases.LoginTest" name="clickLogin1" time="47.457"/>
  <testcase classname="com.bikes.testCases.LoginTest" name="clickLogin2" time="54.538"/>
</testsuite> <!-- com.bikes.testCases.LoginTest -->
