<?xml version="1.0" encoding="UTF-8"?>
<!-- Generated by org.testng.reporters.JUnitReportReporter -->
<testsuite hostname="LAPTOP-0QEPCK00" failures="0" tests="3" name="com.bikes.testCases.UsedCarsTest" time="41.699" errors="0" timestamp="03 Jun 2021 13:19:01 GMT" skipped="0">
  <testcase classname="com.bikes.testCases.UsedCarsTest" name="selectChennai" time="41.340"/>
  <testcase classname="com.bikes.testCases.UsedCarsTest" name="getPopularModels" time="0.331"/>
  <testcase classname="com.bikes.testCases.UsedCarsTest" name="verifyChennai" time="0.028"/>
</testsuite> <!-- com.bikes.testCases.UsedCarsTest -->
