<?xml version="1.0" encoding="UTF-8"?>
<!-- Generated by org.testng.reporters.JUnitReportReporter -->
<testsuite hostname="LAPTOP-0QEPCK00" failures="0" tests="1" name="com.bikes.testCases.LoginTest" time="45.231" errors="0" timestamp="02 Jun 2021 08:54:25 GMT" skipped="0">
  <testcase classname="com.bikes.testCases.LoginTest" name="clickLogin1" time="45.231"/>
</testsuite> <!-- com.bikes.testCases.LoginTest -->
