<?xml version="1.0" encoding="UTF-8"?>
<!-- Generated by org.testng.reporters.JUnitReportReporter -->
<testsuite hostname="LAPTOP-0QEPCK00" failures="0" tests="1" name="com.bikes.testCases.LoginTest" time="50.910" errors="0" timestamp="01 Jun 2021 13:21:45 GMT" skipped="0">
  <testcase classname="com.bikes.testCases.LoginTest" name="clickLogin1" time="50.910"/>
</testsuite> <!-- com.bikes.testCases.LoginTest -->
